{
  "timestamp": "2025-07-23T12:16:04.100072",
  "summary": {
    "total_categories": 1,
    "successful": 0,
    "total_duration": 0.3797168731689453
  },
  "results": [
    {
      "category": "quick",
      "success": false,
      "duration": 0.3797168731689453,
      "stdout": "============================= test session starts ==============================\nplatform darwin -- Python 3.13.5, pytest-8.4.1, pluggy-1.6.0 -- /opt/homebrew/opt/python@3.13/bin/python3.13\ncachedir: .pytest_cache\nrootdir: /Users/ryneschultz/Documents/GitHub/PRSM\nconfigfile: pytest.ini\nplugins: anyio-4.9.0, asyncio-1.0.0\nasyncio: mode=Mode.STRICT, asyncio_default_fixture_loop_scope=None, asyncio_default_test_loop_scope=function\ncollecting ... collected 90 items / 3 deselected / 87 selected\n\ntests/unit/core/test_enhanced_models.py::TestPRSMSessionEnhanced::test_session_creation_with_all_fields PASSED [  1%]\ntests/unit/core/test_enhanced_models.py::TestPRSMSessionEnhanced::test_session_status_validation FAILED [  2%]\ntests/unit/core/test_enhanced_models.py::TestPRSMSessionEnhanced::test_session_cost_calculation PASSED [  3%]\ntests/unit/core/test_enhanced_models.py::TestPRSMSessionEnhanced::test_session_duration_calculation PASSED [  4%]\ntests/unit/core/test_enhanced_models.py::TestPRSMSessionEnhanced::test_session_bulk_creation_performance ERROR [  5%]\ntests/unit/core/test_enhanced_models.py::TestPRSMSessionEnhanced::test_session_serialization FAILED [  6%]\ntests/unit/core/test_enhanced_models.py::TestUserInputEnhanced::test_input_content_validation PASSED [  8%]\ntests/unit/core/test_enhanced_models.py::TestUserInputEnhanced::test_input_content_limits PASSED [  9%]\ntests/unit/core/test_enhanced_models.py::TestUserInputEnhanced::test_input_metadata_handling PASSED [ 10%]\ntests/unit/core/test_enhanced_models.py::TestUserInputEnhanced::test_input_timestamp_handling PASSED [ 11%]\ntests/unit/core/test_enhanced_models.py::TestFTNSTransactionEnhanced::test_transaction_amount_precision PASSED [ 12%]\ntests/unit/core/test_enhanced_models.py::TestFTNSTransactionEnhanced::test_transaction_type_validation PASSED [ 13%]\ntests/unit/core/test_enhanced_models.py::TestFTNSTransactionEnhanced::test_transaction_negative_amount_handling PASSED [ 14%]\ntests/unit/core/test_enhanced_models.py::TestFTNSTransactionEnhanced::test_transaction_fee_calculation PASSED [ 16%]\ntests/unit/core/test_enhanced_models.py::TestFTNSTransactionEnhanced::test_transaction_status_tracking PASSED [ 17%]\ntests/unit/core/test_enhanced_models.py::TestFTNSTransactionEnhanced::test_transaction_batch_processing ERROR [ 18%]\ntests/unit/core/test_enhanced_models.py::TestFTNSBalanceEnhanced::test_balance_calculations PASSED [ 19%]\ntests/unit/core/test_enhanced_models.py::TestFTNSBalanceEnhanced::test_balance_constraints PASSED [ 20%]\ntests/unit/core/test_enhanced_models.py::TestFTNSBalanceEnhanced::test_balance_updates PASSED [ 21%]\ntests/unit/core/test_enhanced_models.py::TestArchitectTaskEnhanced::test_task_complexity_validation PASSED [ 22%]\ntests/unit/core/test_enhanced_models.py::TestArchitectTaskEnhanced::test_task_hierarchy_levels PASSED [ 24%]\ntests/unit/core/test_enhanced_models.py::TestArchitectTaskEnhanced::test_task_status_workflow PASSED [ 25%]\ntests/unit/core/test_enhanced_models.py::TestArchitectTaskEnhanced::test_task_cost_estimation FAILED [ 26%]\n\n==================================== ERRORS ====================================\n_ ERROR at setup of TestPRSMSessionEnhanced.test_session_bulk_creation_performance _\nfile /Users/ryneschultz/Documents/GitHub/PRSM/tests/unit/core/test_enhanced_models.py, line 121\n      @pytest.mark.performance\n      def test_session_bulk_creation_performance(self, performance_runner):\nE       fixture 'performance_runner' not found\n>       available fixtures: _class_event_loop, _function_event_loop, _module_event_loop, _package_event_loop, _session_event_loop, anyio_backend, anyio_backend_name, anyio_backend_options, cache, capfd, capfdbinary, caplog, capsys, capsysbinary, capteesys, doctest_namespace, event_loop, event_loop_policy, free_tcp_port, free_tcp_port_factory, free_udp_port, free_udp_port_factory, mock_ftns_service, monkeypatch, project_root, pytestconfig, record_property, record_testsuite_property, record_xml_attribute, recwarn, sample_peer_nodes, setup_test_environment, setup_test_logging, setup_test_session, temp_directory, test_config, test_helpers, tmp_path, tmp_path_factory, tmpdir, tmpdir_factory, unused_tcp_port, unused_tcp_port_factory, unused_udp_port, unused_udp_port_factory\n>       use 'pytest --fixtures [testpath]' for help on them.\n\n/Users/ryneschultz/Documents/GitHub/PRSM/tests/unit/core/test_enhanced_models.py:121\n_ ERROR at setup of TestFTNSTransactionEnhanced.test_transaction_batch_processing _\nfile /Users/ryneschultz/Documents/GitHub/PRSM/tests/unit/core/test_enhanced_models.py, line 314\n      @pytest.mark.performance\n      def test_transaction_batch_processing(self, performance_runner):\nE       fixture 'performance_runner' not found\n>       available fixtures: _class_event_loop, _function_event_loop, _module_event_loop, _package_event_loop, _session_event_loop, anyio_backend, anyio_backend_name, anyio_backend_options, cache, capfd, capfdbinary, caplog, capsys, capsysbinary, capteesys, doctest_namespace, event_loop, event_loop_policy, free_tcp_port, free_tcp_port_factory, free_udp_port, free_udp_port_factory, mock_ftns_service, monkeypatch, project_root, pytestconfig, record_property, record_testsuite_property, record_xml_attribute, recwarn, sample_peer_nodes, setup_test_environment, setup_test_logging, setup_test_session, temp_directory, test_config, test_helpers, tmp_path, tmp_path_factory, tmpdir, tmpdir_factory, unused_tcp_port, unused_tcp_port_factory, unused_udp_port, unused_udp_port_factory\n>       use 'pytest --fixtures [testpath]' for help on them.\n\n/Users/ryneschultz/Documents/GitHub/PRSM/tests/unit/core/test_enhanced_models.py:314\n=================================== FAILURES ===================================\n/Users/ryneschultz/Documents/GitHub/PRSM/tests/unit/core/test_enhanced_models.py:84: Failed: DID NOT RAISE <class 'Exception'>\n/Users/ryneschultz/Documents/GitHub/PRSM/tests/unit/core/test_enhanced_models.py:157: AssertionError: assert False\n/Users/ryneschultz/Documents/GitHub/PRSM/tests/unit/core/test_enhanced_models.py:476: AssertionError: assert Decimal('6.66666666666666667') == Decimal('5.00')\n=============================== warnings summary ===============================\n../../../../../opt/homebrew/lib/python3.13/site-packages/pydantic/_internal/_config.py:323\n  /opt/homebrew/lib/python3.13/site-packages/pydantic/_internal/_config.py:323: PydanticDeprecatedSince20: Support for class-based `config` is deprecated, use ConfigDict instead. Deprecated in Pydantic V2.0 to be removed in V3.0. See Pydantic V2 Migration Guide at https://errors.pydantic.dev/2.11/migration/\n    warnings.warn(DEPRECATION_MESSAGE, DeprecationWarning)\n\n../../../../../opt/homebrew/lib/python3.13/site-packages/pydantic/_internal/_config.py:373\n  /opt/homebrew/lib/python3.13/site-packages/pydantic/_internal/_config.py:373: UserWarning: Valid config keys have changed in V2:\n  * 'allow_population_by_field_name' has been renamed to 'validate_by_name'\n    warnings.warn(message, UserWarning)\n\nprsm/core/config/schemas.py:79\n  /Users/ryneschultz/Documents/GitHub/PRSM/prsm/core/config/schemas.py:79: PydanticDeprecatedSince20: Pydantic V1 style `@validator` validators are deprecated. You should migrate to Pydantic V2 style `@field_validator` validators, see the migration guide for more details. Deprecated in Pydantic V2.0 to be removed in V3.0. See Pydantic V2 Migration Guide at https://errors.pydantic.dev/2.11/migration/\n    @validator('enabled_engines')\n\nprsm/core/config/schemas.py:87\n  /Users/ryneschultz/Documents/GitHub/PRSM/prsm/core/config/schemas.py:87: PydanticDeprecatedSince20: Pydantic V1 style `@validator` validators are deprecated. You should migrate to Pydantic V2 style `@field_validator` validators, see the migration guide for more details. Deprecated in Pydantic V2.0 to be removed in V3.0. See Pydantic V2 Migration Guide at https://errors.pydantic.dev/2.11/migration/\n    @validator('engine_weights')\n\nprsm/core/config/schemas.py:147\n  /Users/ryneschultz/Documents/GitHub/PRSM/prsm/core/config/schemas.py:147: PydanticDeprecatedSince20: Pydantic V1 style `@validator` validators are deprecated. You should migrate to Pydantic V2 style `@field_validator` validators, see the migration guide for more details. Deprecated in Pydantic V2.0 to be removed in V3.0. See Pydantic V2 Migration Guide at https://errors.pydantic.dev/2.11/migration/\n    @validator('thinking_mode_multipliers')\n\nprsm/core/config/schemas.py:183\n  /Users/ryneschultz/Documents/GitHub/PRSM/prsm/core/config/schemas.py:183: PydanticDeprecatedSince20: Pydantic V1 style `@validator` validators are deprecated. You should migrate to Pydantic V2 style `@field_validator` validators, see the migration guide for more details. Deprecated in Pydantic V2.0 to be removed in V3.0. See Pydantic V2 Migration Guide at https://errors.pydantic.dev/2.11/migration/\n    @validator('creator_revenue_share')\n\nprsm/core/config/schemas.py:219\n  /Users/ryneschultz/Documents/GitHub/PRSM/prsm/core/config/schemas.py:219: PydanticDeprecatedSince20: Pydantic V1 style `@validator` validators are deprecated. You should migrate to Pydantic V2 style `@field_validator` validators, see the migration guide for more details. Deprecated in Pydantic V2.0 to be removed in V3.0. See Pydantic V2 Migration Guide at https://errors.pydantic.dev/2.11/migration/\n    @validator('port')\n\nprsm/core/config/schemas.py:268\n  /Users/ryneschultz/Documents/GitHub/PRSM/prsm/core/config/schemas.py:268: PydanticDeprecatedSince20: Pydantic V1 style `@validator` validators are deprecated. You should migrate to Pydantic V2 style `@field_validator` validators, see the migration guide for more details. Deprecated in Pydantic V2.0 to be removed in V3.0. See Pydantic V2 Migration Guide at https://errors.pydantic.dev/2.11/migration/\n    @validator('jwt_secret_key')\n\nprsm/core/config/schemas.py:348\n  /Users/ryneschultz/Documents/GitHub/PRSM/prsm/core/config/schemas.py:348: PydanticDeprecatedSince20: Pydantic V1 style `@validator` validators are deprecated. You should migrate to Pydantic V2 style `@field_validator` validators, see the migration guide for more details. Deprecated in Pydantic V2.0 to be removed in V3.0. See Pydantic V2 Migration Guide at https://errors.pydantic.dev/2.11/migration/\n    @validator('log_file_path')\n\nprsm/core/config/schemas.py:381\n  /Users/ryneschultz/Documents/GitHub/PRSM/prsm/core/config/schemas.py:381: PydanticDeprecatedSince20: Pydantic V1 style `@validator` validators are deprecated. You should migrate to Pydantic V2 style `@field_validator` validators, see the migration guide for more details. Deprecated in Pydantic V2.0 to be removed in V3.0. See Pydantic V2 Migration Guide at https://errors.pydantic.dev/2.11/migration/\n    @validator('data_directory', 'temp_directory', 'log_directory', 'cache_directory')\n\nprsm/core/database.py:51\n  /Users/ryneschultz/Documents/GitHub/PRSM/prsm/core/database.py:51: MovedIn20Warning: The ``declarative_base()`` function is now available as sqlalchemy.orm.declarative_base(). (deprecated since: 2.0) (Background on SQLAlchemy 2.0 at: https://sqlalche.me/e/b8d9)\n    Base = declarative_base()\n\n../../../../../opt/homebrew/lib/python3.13/site-packages/pydantic/_internal/_generate_schema.py:298: 80 warnings\n  /opt/homebrew/lib/python3.13/site-packages/pydantic/_internal/_generate_schema.py:298: PydanticDeprecatedSince20: `json_encoders` is deprecated. See https://docs.pydantic.dev/2.11/concepts/serialization/#custom-serializers for alternatives. Deprecated in Pydantic V2.0 to be removed in V3.0. See Pydantic V2 Migration Guide at https://errors.pydantic.dev/2.11/migration/\n    warnings.warn(\n\n-- Docs: https://docs.pytest.org/en/stable/how-to/capture-warnings.html\n=========================== short test summary info ============================\nFAILED tests/unit/core/test_enhanced_models.py::TestPRSMSessionEnhanced::test_session_status_validation\nFAILED tests/unit/core/test_enhanced_models.py::TestPRSMSessionEnhanced::test_session_serialization\nFAILED tests/unit/core/test_enhanced_models.py::TestArchitectTaskEnhanced::test_task_cost_estimation\nERROR tests/unit/core/test_enhanced_models.py::TestPRSMSessionEnhanced::test_session_bulk_creation_performance\nERROR tests/unit/core/test_enhanced_models.py::TestFTNSTransactionEnhanced::test_transaction_batch_processing\n!!!!!!!!!!!!!!!!!!!!!!!!!! stopping after 5 failures !!!!!!!!!!!!!!!!!!!!!!!!!!!\n====== 3 failed, 18 passed, 3 deselected, 91 warnings, 2 errors in 0.21s =======\n",
      "stderr": "",
      "return_code": 1
    }
  ]
}